<?xml version="1.0" encoding="UTF-8"?>
<!-- Generated by org.testng.reporters.JUnitReportReporter -->
<testsuite hostname="Revathi" failures="0" tests="5" name="testCases.TC003_LoginTest_Dataprovider" time="38.374" errors="0" timestamp="2025-03-03T16:14:16 CET" skipped="0">
  <testcase classname="testCases.TC003_LoginTest_Dataprovider" name="verify_login" time="11.212"/>
  <testcase classname="testCases.TC003_LoginTest_Dataprovider" name="verify_login" time="11.478"/>
  <testcase classname="testCases.TC003_LoginTest_Dataprovider" name="verify_login" time="11.212"/>
  <testcase classname="testCases.TC003_LoginTest_Dataprovider" name="verify_login" time="2.044"/>
  <testcase classname="testCases.TC003_LoginTest_Dataprovider" name="verify_login" time="2.428"/>
</testsuite> <!-- testCases.TC003_LoginTest_Dataprovider -->
