<?xml version="1.0" encoding="UTF-8"?>
<!-- Generated by org.testng.reporters.JUnitReportReporter -->
<testsuite hostname="Revathi" failures="0" tests="5" name="testCases.TC003_LoginTest_Dataprovider" time="38.454" errors="0" timestamp="2025-03-03T17:48:36 CET" skipped="0">
  <testcase classname="testCases.TC003_LoginTest_Dataprovider" name="verify_login" time="11.163"/>
  <testcase classname="testCases.TC003_LoginTest_Dataprovider" name="verify_login" time="11.567"/>
  <testcase classname="testCases.TC003_LoginTest_Dataprovider" name="verify_login" time="2.337"/>
  <testcase classname="testCases.TC003_LoginTest_Dataprovider" name="verify_login" time="2.165"/>
  <testcase classname="testCases.TC003_LoginTest_Dataprovider" name="verify_login" time="11.222"/>
</testsuite> <!-- testCases.TC003_LoginTest_Dataprovider -->
